<?xml version="1.0" encoding="UTF-8"?>
<beans xmlns="http://www.springframework.org/schema/beans"
       xmlns:xsi="http://www.w3.org/2001/XMLSchema-instance"
       xsi:schemaLocation="http://www.springframework.org/schema/beans
               http://www.springframework.org/schema/beans/spring-beans-3.0.xsd">

    <bean id="userService" class="springbook.user.service.TxProxyFactoryBean">
        <property name="target" ref="userServiceImpl" />
        <property name="transactionManager" ref="transactionManger" />
        <property name="pattern" value="upgradeLevels" />
        <property name="serviceInterface" value="springbook.user.service.UserService" />
    </bean>
    <bean id="transactionManger" class="org.springframework.jdbc.datasource.DataSourceTransactionManager">
        <property name="dataSource" ref="dataSource" />
    </bean>
    <bean id="userServiceImpl" class="springbook.user.service.UserServiceImpl">
        <property name="userDao" ref="userDao" />
        <property name="mailSender" ref="mailSender" />
    </bean>
    <bean id="mailSender" class="springbook.user.service.DummyMailSender" />

    <bean id="userDao" class="springbook.user.dao.UserDaoJdbc">
        <!-- -1- dataSource를 빈으로 등록 -->
<!--        <property name="dataSource" ref="dataSource" />-->
        <!-- -2- JdbcTemplate을 빈으로 등록 -->
        <property name="jdbcTemplate" ref="dataSource" />
<!--        <property name="jdbcContext" ref="jdbcContext" />-->
    </bean>

<!--    <bean id="jdbcContext" class="springbook.user.dao.JdbcContext">-->
<!--        <property name="dataSource" ref="dataSource" />-->
<!--    </bean>-->

    <bean id="dataSource" class="org.springframework.jdbc.datasource.SimpleDriverDataSource">
        <property name="driverClass" value="com.mysql.cj.jdbc.Driver" />
        <property name="url" value="jdbc:mysql://localhost/testdb" />
        <property name="username" value="root" />
        <property name="password" value="min20617" />
    </bean>
</beans>